BlockChain/app/build/intermediates/manifest_merge_blame_file/debug/manifest-merger-blame-debug-report.txt
1<?xml version="1.0" encoding="utf-8"?>
2<manifest xmlns:android="http://schemas.android.com/apk/res/android"
3    package="com.example.blockchain"
4    android:versionCode="1"
5    android:versionName="1.0" >
6
7    <uses-sdk
8        android:minSdkVersion="24"
8-->src\main\AndroidManifest.xml
9        android:targetSdkVersion="33" />
9-->src\main\AndroidManifest.xml
10    <!-- <uses-permission android:name="android.permission.READ_EXTERNAL_STORAGE" /> -->
11    <uses-permission android:name="android.permission.INTERNET" />
11-->src\main\AndroidManifest.xml:5:5-67
11-->src\main\AndroidManifest.xml:5:22-64
12    <uses-permission android:name="android.permission.ACCESS_WIFI_STATE" />
12-->src\main\AndroidManifest.xml:6:5-76
12-->src\main\AndroidManifest.xml:6:22-73
13
14    <application
14-->src\main\AndroidManifest.xml:8:5-64:19
15        android:allowBackup="true"
15-->src\main\AndroidManifest.xml:9:9-35
16        android:appComponentFactory="androidx.core.app.CoreComponentFactory"
16-->[androidx.core:core:1.7.0] AndroidManifest.xml:24:18-86
17        android:dataExtractionRules="@xml/data_extraction_rules"
17-->src\main\AndroidManifest.xml:10:9-65
18        android:debuggable="true"
19        android:extractNativeLibs="false"
20        android:fullBackupContent="@xml/backup_rules"
20-->src\main\AndroidManifest.xml:11:9-54
21        android:icon="@mipmap/ic_launcher"
21-->src\main\AndroidManifest.xml:12:9-43
22        android:label="@string/app_name"
22-->src\main\AndroidManifest.xml:13:9-41
23        android:roundIcon="@mipmap/ic_launcher_round"
23-->src\main\AndroidManifest.xml:14:9-54
24        android:supportsRtl="true"
24-->src\main\AndroidManifest.xml:15:9-35
25        android:theme="@style/Theme.BlockChain" >
25-->src\main\AndroidManifest.xml:16:9-48
26        <activity
26-->src\main\AndroidManifest.xml:18:9-24:20
27            android:name="com.example.blockchain.TransactionValidationSuccess"
27-->src\main\AndroidManifest.xml:19:13-57
28            android:exported="false" >
28-->src\main\AndroidManifest.xml:20:13-37
29            <meta-data
29-->src\main\AndroidManifest.xml:21:13-23:36
30                android:name="android.app.lib_name"
30-->src\main\AndroidManifest.xml:22:17-52
31                android:value="" />
31-->src\main\AndroidManifest.xml:23:17-33
32        </activity>
33        <activity
33-->src\main\AndroidManifest.xml:25:9-31:20
34            android:name="com.example.blockchain.ScreenLeaderboard"
34-->src\main\AndroidManifest.xml:26:13-46
35            android:exported="false" >
35-->src\main\AndroidManifest.xml:27:13-37
36            <meta-data
36-->src\main\AndroidManifest.xml:21:13-23:36
37                android:name="android.app.lib_name"
37-->src\main\AndroidManifest.xml:22:17-52
38                android:value="" />
38-->src\main\AndroidManifest.xml:23:17-33
39        </activity>
40        <activity android:name="com.example.blockchain.SecondScreen" />
40-->src\main\AndroidManifest.xml:32:9-50
40-->src\main\AndroidManifest.xml:32:19-47
41        <activity android:name="com.example.blockchain.ScreenInscription" />
41-->src\main\AndroidManifest.xml:33:9-55
41-->src\main\AndroidManifest.xml:33:19-52
42        <activity android:name="com.example.blockchain.DBTester" />
42-->src\main\AndroidManifest.xml:34:9-46
42-->src\main\AndroidManifest.xml:34:19-43
43        <activity android:name="com.example.blockchain.ScreenMatchSubmission" />
43-->src\main\AndroidManifest.xml:35:9-59
43-->src\main\AndroidManifest.xml:35:19-56
44        <activity android:name="com.example.blockchain.ScreenValidateAsPlayer" />
44-->src\main\AndroidManifest.xml:36:9-60
44-->src\main\AndroidManifest.xml:36:19-57
45        <activity android:name="com.example.blockchain.ScreenSubmitted" />
45-->src\main\AndroidManifest.xml:37:9-53
45-->src\main\AndroidManifest.xml:37:19-50
46        <activity android:name="com.example.blockchain.ScreenSubmittedPlayer" />
46-->src\main\AndroidManifest.xml:38:9-59
46-->src\main\AndroidManifest.xml:38:19-56
47        <activity
47-->src\main\AndroidManifest.xml:39:9-63:20
48            android:name="com.example.blockchain.MainActivity"
48-->src\main\AndroidManifest.xml:40:13-41
49            android:exported="true" >
49-->src\main\AndroidManifest.xml:41:13-36
50            <intent-filter>
50-->src\main\AndroidManifest.xml:42:13-46:29
51                <action android:name="android.intent.action.MAIN" />
51-->src\main\AndroidManifest.xml:43:17-69
51-->src\main\AndroidManifest.xml:43:25-66
52
53                <category android:name="android.intent.category.LAUNCHER" />
53-->src\main\AndroidManifest.xml:45:17-77
53-->src\main\AndroidManifest.xml:45:27-74
54            </intent-filter>
55            <intent-filter>
55-->src\main\AndroidManifest.xml:47:13-58:29
56                <category android:name="android.intent.category.DEFAULT" />
56-->src\main\AndroidManifest.xml:48:17-76
56-->src\main\AndroidManifest.xml:48:27-73
57                <category android:name="android.intent.category.BROWSABLE" />
57-->src\main\AndroidManifest.xml:49:17-78
57-->src\main\AndroidManifest.xml:49:27-75
58
59                <action android:name="android.intent.action.SEND" />
59-->src\main\AndroidManifest.xml:51:17-69
59-->src\main\AndroidManifest.xml:51:25-66
60                <action android:name="android.intent.action.SENDTO" />
60-->src\main\AndroidManifest.xml:52:17-71
60-->src\main\AndroidManifest.xml:52:25-68
61
62                <data android:scheme="sms" />
62-->src\main\AndroidManifest.xml:54:17-46
62-->src\main\AndroidManifest.xml:54:23-43
63                <data android:scheme="smsto" />
63-->src\main\AndroidManifest.xml:54:17-46
63-->src\main\AndroidManifest.xml:54:23-43
64                <data android:scheme="mms" />
64-->src\main\AndroidManifest.xml:54:17-46
64-->src\main\AndroidManifest.xml:54:23-43
65                <data android:scheme="mmsto" />
65-->src\main\AndroidManifest.xml:54:17-46
65-->src\main\AndroidManifest.xml:54:23-43
66            </intent-filter>
67
68            <meta-data
68-->src\main\AndroidManifest.xml:21:13-23:36
69                android:name="android.app.lib_name"
69-->src\main\AndroidManifest.xml:22:17-52
70                android:value="" />
70-->src\main\AndroidManifest.xml:23:17-33
71        </activity>
72
73        <provider
73-->[androidx.emoji2:emoji2:1.0.0] AndroidManifest.xml:26:9-34:20
74            android:name="androidx.startup.InitializationProvider"
74-->[androidx.emoji2:emoji2:1.0.0] AndroidManifest.xml:27:13-67
75            android:authorities="com.example.blockchain.androidx-startup"
75-->[androidx.emoji2:emoji2:1.0.0] AndroidManifest.xml:28:13-68
76            android:exported="false" >
76-->[androidx.emoji2:emoji2:1.0.0] AndroidManifest.xml:29:13-37
77            <meta-data
77-->[androidx.emoji2:emoji2:1.0.0] AndroidManifest.xml:31:13-33:52
78                android:name="androidx.emoji2.text.EmojiCompatInitializer"
78-->[androidx.emoji2:emoji2:1.0.0] AndroidManifest.xml:32:17-75
79                android:value="androidx.startup" />
79-->[androidx.emoji2:emoji2:1.0.0] AndroidManifest.xml:33:17-49
80            <meta-data
80-->[androidx.lifecycle:lifecycle-process:2.4.0] AndroidManifest.xml:31:13-33:52
81                android:name="androidx.lifecycle.ProcessLifecycleInitializer"
81-->[androidx.lifecycle:lifecycle-process:2.4.0] AndroidManifest.xml:32:17-78
82                android:value="androidx.startup" />
82-->[androidx.lifecycle:lifecycle-process:2.4.0] AndroidManifest.xml:33:17-49
83        </provider>
84    </application>
85
86</manifest>